This is pdfTeX, Version 3.141592653-2.6-1.40.26 (TeX Live 2024) (preloaded format=latex 2024.9.30)  30 SEP 2024 16:25
entering extended mode
 restricted \write18 enabled.
 file:line:error style messages enabled.
 %&-line parsing enabled.
**cv.js.ltx
(./cv.js.ltx
LaTeX2e <2023-11-01> patch level 1
L3 programming layer <2024-02-20>

./cv.js.ltx:2: LaTeX Error: Missing \begin{document}.

See the LaTeX manual or LaTeX Companion for explanation.
Type  H <return>  for immediate help.
 ...                                              
                                                  
l.2 d
     ocument.getElementById("cvForm").addEventListener("submit", function(ev...

? 
./cv.js.ltx:2: Emergency stop.
 ...                                              
                                                  
l.2 d
     ocument.getElementById("cvForm").addEventListener("submit", function(ev...

You're in trouble here.  Try typing  <return>  to proceed.
If that doesn't work, type  X <return>  to quit.

 
Here is how much of TeX's memory you used:
 17 strings out of 475568
 508 string characters out of 5777915
 1925184 words of memory out of 5000000
 22266 multiletter control sequences out of 15000+600000
 558069 words of font info for 36 fonts, out of 8000000 for 9000
 319 hyphenation exceptions out of 8191
 15i,0n,18p,123b,14s stack positions out of 10000i,1000n,20000p,200000b,200000s
No pages of output.
